 AS V1.42 Beta [Bld 32] - source file t_dcr.asm - page 1 - 6/11/2014 17:07:32


       1/       0 :                     	cpu	8080
       2/       0 :                     	org	0
       3/       0 : 06 01               	mvi	b,1		;B=1
       4/       2 : 05                  	dcr	b		;B=0  S=0 Z=1 P=1 C=0
       5/       3 : 05                  	dcr	b		;B=FF S=1 Z=0 P=1 C=0
       6/       4 :                     
       7/       4 : 76                  	hlt
       8/       5 :                     
 AS V1.42 Beta [Bld 32] - source file t_dcr.asm - page 2 - 6/11/2014 17:07:32


  symbol table (* = unused):
  ------------------------

*ARCHITECTURE : i386-unknown-freebsd - |
*BIGENDIAN :                      0 - | *BRANCHEXT :                      0 - |
*CASESENSITIVE :                  0 - | *CONSTPI :        3.141592653589793 - |
*DATE :                   6/11/2014 - | *FALSE :                          0 - |
*FULLPMMU :                       1 - | *HAS64 :                          1 - |
*HASDSP :                         0 - | *HASFPU :                         0 - |
*HASPMMU :                        0 - | *INEXTMODE :                      0 - |
*INLWORDMODE :                    0 - | *INMAXMODE :                      0 - |
*INSRCMODE :                      0 - | *INSUPMODE :                      0 - |
*LISTON :                         1 - | *MACEXP :                         1 - |
*MOMCPU :                      8080 - | *MOMCPUNAME :                  8080 - |
*NESTMAX :                      100 - | *PACKING :                        0 - |
*PADDING :                        1 - | *RELAXED :                        0 - |
*TIME :                    17:07:32 - | *TRUE :                           1 - |
*VERSION :                     142F - |

     28 symbols
     28 unused symbols

 AS V1.42 Beta [Bld 32] - source file t_dcr.asm - page 3 - 6/11/2014 17:07:32


  codepages:
  ----------

STANDARD (0 changed characters)


0.02 seconds assembly time

      8 lines source file
      1 pass
      0 errors
      0 warnings
