 AS V1.42 Beta [Bld 32] - source file t_jmp.asm - page 1 - 6/11/2014 17:07:34


       1/       0 :                     	cpu 8080
       2/       0 : 01 FF FF            	lxi b,0ffffh
       3/       3 : C5                  	push b
       4/       4 : F1                  	pop psw
       5/       5 : DA 09 00            	jc $+4
       6/       8 : 76                  	hlt
       7/       9 : FA 0D 00            	jm $+4
       8/       C : 76                  	hlt
       9/       D : EA 11 00            	jpe $+4
      10/      10 : 76                  	hlt
      11/      11 : CA 15 00            	jz  $+4
      12/      14 : 76                  	hlt
      13/      15 : 00                  	nop
      14/      16 :                     
      15/      16 : C5                  	push b
      16/      17 : F1                  	pop psw
      17/      18 : C2 1C 00            	jnz  $+4
      18/      1B : 76                  	hlt
      19/      1C : E2 20 00            	jpo $+4
      20/      1F : 76                  	hlt
      21/      20 : F2 24 00            	jp $+4
      22/      23 : 76                  	hlt
      23/      24 : D2 28 00            	jnc $+4
      24/      27 : 76                  	hlt
      25/      28 : 00                  	nop
      26/      29 : 76                  	hlt
      27/      2A :                     
 AS V1.42 Beta [Bld 32] - source file t_jmp.asm - page 2 - 6/11/2014 17:07:34


  symbol table (* = unused):
  ------------------------

*ARCHITECTURE : i386-unknown-freebsd - |
*BIGENDIAN :                      0 - | *BRANCHEXT :                      0 - |
*CASESENSITIVE :                  0 - | *CONSTPI :        3.141592653589793 - |
*DATE :                   6/11/2014 - | *FALSE :                          0 - |
*FULLPMMU :                       1 - | *HAS64 :                          1 - |
*HASDSP :                         0 - | *HASFPU :                         0 - |
*HASPMMU :                        0 - | *INEXTMODE :                      0 - |
*INLWORDMODE :                    0 - | *INMAXMODE :                      0 - |
*INSRCMODE :                      0 - | *INSUPMODE :                      0 - |
*LISTON :                         1 - | *MACEXP :                         1 - |
*MOMCPU :                      8080 - | *MOMCPUNAME :                  8080 - |
*NESTMAX :                      100 - | *PACKING :                        0 - |
*PADDING :                        1 - | *RELAXED :                        0 - |
*TIME :                    17:07:34 - | *TRUE :                           1 - |
*VERSION :                     142F - |

     28 symbols
     28 unused symbols

 AS V1.42 Beta [Bld 32] - source file t_jmp.asm - page 3 - 6/11/2014 17:07:34


  codepages:
  ----------

STANDARD (0 changed characters)


0.01 seconds assembly time

     27 lines source file
      1 pass
      0 errors
      0 warnings
